TN:
SF:src/index.ts
FN:7,(anonymous_9)
FN:11,(anonymous_10)
FN:13,(anonymous_11)
FN:15,(anonymous_12)
FN:18,(anonymous_13)
FN:22,(anonymous_14)
FN:33,(anonymous_15)
FN:34,(anonymous_16)
FN:35,(anonymous_17)
FN:36,(anonymous_18)
FN:37,(anonymous_19)
FN:38,(anonymous_20)
FN:39,(anonymous_21)
FN:47,(anonymous_22)
FN:59,(anonymous_23)
FN:66,(anonymous_24)
FN:67,(anonymous_25)
FN:68,(anonymous_26)
FN:69,(anonymous_27)
FN:70,(anonymous_28)
FN:71,(anonymous_29)
FN:72,(anonymous_30)
FN:73,(anonymous_31)
FN:74,(anonymous_32)
FN:79,(anonymous_33)
FN:88,(anonymous_34)
FN:100,(anonymous_35)
FN:101,(anonymous_36)
FN:102,(anonymous_37)
FN:103,(anonymous_38)
FN:108,(anonymous_39)
FN:109,(anonymous_40)
FN:110,(anonymous_41)
FN:111,(anonymous_42)
FN:112,(anonymous_43)
FN:113,(anonymous_44)
FN:114,(anonymous_45)
FN:115,(anonymous_46)
FN:119,(anonymous_47)
FN:119,(anonymous_48)
FNF:40
FNH:9
FNDA:0,(anonymous_9)
FNDA:0,(anonymous_10)
FNDA:0,(anonymous_11)
FNDA:0,(anonymous_12)
FNDA:0,(anonymous_13)
FNDA:0,(anonymous_14)
FNDA:0,(anonymous_15)
FNDA:0,(anonymous_16)
FNDA:0,(anonymous_17)
FNDA:0,(anonymous_18)
FNDA:0,(anonymous_19)
FNDA:0,(anonymous_20)
FNDA:0,(anonymous_21)
FNDA:0,(anonymous_22)
FNDA:0,(anonymous_23)
FNDA:1,(anonymous_24)
FNDA:1,(anonymous_25)
FNDA:1,(anonymous_26)
FNDA:1,(anonymous_27)
FNDA:1,(anonymous_28)
FNDA:1,(anonymous_29)
FNDA:1,(anonymous_30)
FNDA:1,(anonymous_31)
FNDA:1,(anonymous_32)
FNDA:0,(anonymous_33)
FNDA:0,(anonymous_34)
FNDA:0,(anonymous_35)
FNDA:0,(anonymous_36)
FNDA:0,(anonymous_37)
FNDA:0,(anonymous_38)
FNDA:0,(anonymous_39)
FNDA:0,(anonymous_40)
FNDA:0,(anonymous_41)
FNDA:0,(anonymous_42)
FNDA:0,(anonymous_43)
FNDA:0,(anonymous_44)
FNDA:0,(anonymous_45)
FNDA:0,(anonymous_46)
FNDA:0,(anonymous_47)
FNDA:0,(anonymous_48)
DA:7,1
DA:11,1
DA:13,1
DA:15,1
DA:18,1
DA:22,1
DA:25,1
DA:33,1
DA:34,1
DA:35,1
DA:36,1
DA:37,1
DA:38,1
DA:39,1
DA:47,1
DA:59,1
DA:66,2
DA:67,2
DA:68,2
DA:69,2
DA:70,2
DA:71,2
DA:72,2
DA:73,2
DA:74,2
DA:79,1
DA:88,1
DA:100,1
DA:101,1
DA:102,1
DA:103,1
DA:107,1
DA:108,1
DA:109,1
DA:110,1
DA:111,1
DA:112,1
DA:113,1
DA:114,1
DA:115,1
DA:119,1
DA:122,1
LF:42
LH:42
BRF:0
BRH:0
end_of_record
TN:
SF:src/client/client.ts
FN:56,(anonymous_10)
FN:72,(anonymous_11)
FN:75,(anonymous_12)
FN:77,(anonymous_13)
FN:83,(anonymous_14)
FN:88,(anonymous_15)
FN:89,(anonymous_16)
FN:95,(anonymous_17)
FN:103,(anonymous_18)
FN:109,(anonymous_19)
FN:110,(anonymous_20)
FN:119,(anonymous_21)
FN:125,(anonymous_22)
FN:139,(anonymous_23)
FN:147,(anonymous_24)
FN:173,(anonymous_25)
FN:188,(anonymous_26)
FN:202,(anonymous_27)
FN:240,(anonymous_28)
FN:281,(anonymous_29)
FN:288,(anonymous_30)
FN:303,(anonymous_31)
FN:316,(anonymous_32)
FN:325,(anonymous_33)
FN:344,(anonymous_34)
FN:355,(anonymous_35)
FN:357,(anonymous_36)
FN:369,(anonymous_37)
FN:374,(anonymous_38)
FN:386,(anonymous_39)
FN:391,(anonymous_40)
FN:403,(anonymous_41)
FN:413,(anonymous_42)
FN:423,(anonymous_43)
FN:433,(anonymous_44)
FN:434,(anonymous_45)
FN:446,(anonymous_46)
FN:467,(anonymous_47)
FN:476,(anonymous_48)
FN:487,(anonymous_49)
FN:496,(anonymous_50)
FN:498,(anonymous_51)
FN:504,(anonymous_52)
FN:519,(anonymous_53)
FN:534,(anonymous_54)
FN:571,(anonymous_55)
FN:624,(anonymous_56)
FN:641,(anonymous_57)
FN:649,(anonymous_58)
FN:686,(anonymous_59)
FN:739,(anonymous_60)
FN:765,(anonymous_61)
FN:766,(anonymous_62)
FN:769,(anonymous_63)
FN:777,(anonymous_64)
FN:792,(anonymous_65)
FN:813,(anonymous_66)
FN:833,(anonymous_67)
FN:845,(anonymous_68)
FN:852,(anonymous_69)
FN:860,(anonymous_70)
FN:871,(anonymous_71)
FN:881,(anonymous_72)
FN:891,(anonymous_73)
FN:905,(anonymous_74)
FN:925,(anonymous_75)
FN:930,(anonymous_76)
FNF:67
FNH:45
FNDA:52,(anonymous_10)
FNDA:52,(anonymous_11)
FNDA:0,(anonymous_12)
FNDA:0,(anonymous_13)
FNDA:2,(anonymous_14)
FNDA:11,(anonymous_15)
FNDA:0,(anonymous_16)
FNDA:2,(anonymous_17)
FNDA:4,(anonymous_18)
FNDA:4,(anonymous_19)
FNDA:0,(anonymous_20)
FNDA:4,(anonymous_21)
FNDA:0,(anonymous_22)
FNDA:1,(anonymous_23)
FNDA:0,(anonymous_24)
FNDA:0,(anonymous_25)
FNDA:0,(anonymous_26)
FNDA:0,(anonymous_27)
FNDA:0,(anonymous_28)
FNDA:2,(anonymous_29)
FNDA:2,(anonymous_30)
FNDA:6,(anonymous_31)
FNDA:1,(anonymous_32)
FNDA:6,(anonymous_33)
FNDA:1,(anonymous_34)
FNDA:0,(anonymous_35)
FNDA:0,(anonymous_36)
FNDA:2,(anonymous_37)
FNDA:3,(anonymous_38)
FNDA:1,(anonymous_39)
FNDA:2,(anonymous_40)
FNDA:1,(anonymous_41)
FNDA:1,(anonymous_42)
FNDA:0,(anonymous_43)
FNDA:0,(anonymous_44)
FNDA:0,(anonymous_45)
FNDA:0,(anonymous_46)
FNDA:1,(anonymous_47)
FNDA:2,(anonymous_48)
FNDA:1,(anonymous_49)
FNDA:1,(anonymous_50)
FNDA:2,(anonymous_51)
FNDA:3,(anonymous_52)
FNDA:2,(anonymous_53)
FNDA:0,(anonymous_54)
FNDA:11,(anonymous_55)
FNDA:1,(anonymous_56)
FNDA:0,(anonymous_57)
FNDA:2,(anonymous_58)
FNDA:5,(anonymous_59)
FNDA:2,(anonymous_60)
FNDA:3,(anonymous_61)
FNDA:3,(anonymous_62)
FNDA:1,(anonymous_63)
FNDA:3,(anonymous_64)
FNDA:12,(anonymous_65)
FNDA:9,(anonymous_66)
FNDA:55,(anonymous_67)
FNDA:3,(anonymous_68)
FNDA:3,(anonymous_69)
FNDA:1,(anonymous_70)
FNDA:0,(anonymous_71)
FNDA:0,(anonymous_72)
FNDA:1,(anonymous_73)
FNDA:1,(anonymous_74)
FNDA:0,(anonymous_75)
FNDA:0,(anonymous_76)
DA:6,4
DA:7,4
DA:9,4
DA:11,4
DA:12,4
DA:28,4
DA:47,4
DA:51,52
DA:52,52
DA:53,52
DA:54,52
DA:57,52
DA:58,52
DA:62,52
DA:63,52
DA:65,52
DA:66,52
DA:73,52
DA:75,52
DA:76,0
DA:77,0
DA:78,0
DA:79,0
DA:83,52
DA:84,2
DA:85,2
DA:88,52
DA:89,11
DA:90,0
DA:91,0
DA:95,52
DA:96,2
DA:104,4
DA:105,4
DA:109,4
DA:110,4
DA:111,0
DA:112,0
DA:113,0
DA:117,4
DA:119,4
DA:120,4
DA:121,4
DA:122,4
DA:125,4
DA:126,0
DA:127,0
DA:128,0
DA:131,4
DA:132,4
DA:140,1
DA:141,1
DA:149,0
DA:152,0
DA:153,0
DA:158,0
DA:161,0
DA:164,0
DA:167,0
DA:174,0
DA:180,0
DA:181,0
DA:182,0
DA:189,0
DA:190,0
DA:192,0
DA:194,0
DA:195,0
DA:203,0
DA:204,0
DA:207,0
DA:208,0
DA:209,0
DA:211,0
DA:215,0
DA:216,0
DA:220,0
DA:221,0
DA:222,0
DA:224,0
DA:225,0
DA:228,0
DA:230,0
DA:233,0
DA:241,0
DA:242,0
DA:244,0
DA:245,0
DA:247,0
DA:265,0
DA:268,0
DA:269,0
DA:270,0
DA:271,0
DA:275,0
DA:282,2
DA:289,2
DA:290,2
DA:292,2
DA:295,2
DA:297,1
DA:304,6
DA:306,6
DA:307,6
DA:310,6
DA:317,1
DA:318,1
DA:326,6
DA:328,6
DA:329,6
DA:332,6
DA:337,6
DA:338,6
DA:345,1
DA:346,1
DA:356,0
DA:357,0
DA:359,0
DA:360,0
DA:370,2
DA:371,2
DA:373,2
DA:375,3
DA:387,1
DA:388,1
DA:390,1
DA:392,2
DA:404,1
DA:414,1
DA:424,0
DA:427,0
DA:428,0
DA:429,0
DA:433,0
DA:434,0
DA:435,0
DA:436,0
DA:446,0
DA:448,0
DA:452,0
DA:453,0
DA:454,0
DA:455,0
DA:459,0
DA:468,1
DA:477,2
DA:478,1
DA:480,1
DA:488,1
DA:497,1
DA:498,2
DA:505,3
DA:507,3
DA:512,3
DA:513,3
DA:520,2
DA:522,2
DA:527,2
DA:528,2
DA:538,0
DA:540,0
DA:544,0
DA:545,0
DA:546,0
DA:549,0
DA:550,0
DA:551,0
DA:554,0
DA:555,0
DA:556,0
DA:559,0
DA:560,0
DA:561,0
DA:564,0
DA:565,0
DA:572,11
DA:574,0
DA:575,0
DA:584,2
DA:585,2
DA:594,5
DA:595,5
DA:598,2
DA:599,2
DA:604,1
DA:605,1
DA:609,1
DA:610,1
DA:612,0
DA:614,1
DA:617,0
DA:625,1
DA:628,1
DA:629,1
DA:633,1
DA:634,1
DA:635,1
DA:642,0
DA:643,0
DA:650,2
DA:652,2
DA:654,0
DA:655,0
DA:657,1
DA:658,1
DA:660,1
DA:661,1
DA:663,0
DA:664,0
DA:666,0
DA:667,0
DA:669,0
DA:670,0
DA:672,0
DA:673,0
DA:676,2
DA:677,2
DA:678,2
DA:679,2
DA:687,5
DA:689,5
DA:691,2
DA:692,2
DA:693,2
DA:695,0
DA:696,0
DA:697,0
DA:699,0
DA:700,0
DA:701,0
DA:703,0
DA:704,0
DA:705,0
DA:707,1
DA:708,1
DA:709,1
DA:711,1
DA:712,1
DA:713,1
DA:715,1
DA:716,1
DA:717,1
DA:720,5
DA:721,5
DA:724,5
DA:725,1
DA:726,1
DA:728,0
DA:732,5
DA:740,2
DA:742,2
DA:748,2
DA:751,2
DA:752,1
DA:753,1
DA:755,0
DA:759,2
DA:766,3
DA:767,3
DA:769,3
DA:770,1
DA:771,1
DA:775,3
DA:777,3
DA:778,3
DA:779,1
DA:780,1
DA:781,1
DA:785,3
DA:793,12
DA:794,12
DA:796,12
DA:797,0
DA:798,0
DA:801,12
DA:802,12
DA:803,12
DA:805,0
DA:806,0
DA:814,9
DA:815,9
DA:817,9
DA:818,0
DA:819,0
DA:822,9
DA:823,9
DA:825,0
DA:826,0
DA:834,55
DA:835,55
DA:836,55
DA:837,55
DA:838,55
DA:839,55
DA:846,3
DA:853,3
DA:861,1
DA:862,1
DA:864,0
DA:872,0
DA:873,0
DA:875,0
DA:882,0
DA:883,0
DA:893,1
DA:894,1
DA:895,1
DA:897,0
DA:906,1
DA:907,1
DA:909,1
DA:926,0
DA:927,0
DA:929,0
DA:930,0
DA:931,0
DA:938,0
LF:317
LH:179
BRDA:62,0,0,0
BRDA:62,0,1,52
BRDA:66,1,0,52
BRDA:66,1,1,9
BRDA:84,2,0,2
BRDA:84,2,1,1
BRDA:91,3,0,0
BRDA:91,3,1,0
BRDA:175,4,0,0
BRDA:175,4,1,0
BRDA:192,5,0,0
BRDA:192,5,1,0
BRDA:192,6,0,0
BRDA:192,6,1,0
BRDA:194,7,0,0
BRDA:194,7,1,0
BRDA:203,8,0,0
BRDA:203,8,1,0
BRDA:209,9,0,0
BRDA:209,9,1,0
BRDA:212,10,0,0
BRDA:212,10,1,0
BRDA:220,11,0,0
BRDA:220,11,1,0
BRDA:224,12,0,0
BRDA:224,12,1,0
BRDA:248,13,0,0
BRDA:248,13,1,0
BRDA:249,14,0,0
BRDA:249,14,1,0
BRDA:250,15,0,0
BRDA:250,15,1,0
BRDA:251,16,0,0
BRDA:251,16,1,0
BRDA:252,17,0,0
BRDA:252,17,1,0
BRDA:253,18,0,0
BRDA:253,18,1,0
BRDA:254,19,0,0
BRDA:254,19,1,0
BRDA:268,20,0,0
BRDA:268,20,1,0
BRDA:270,21,0,0
BRDA:270,21,1,0
BRDA:306,22,0,6
BRDA:306,22,1,0
BRDA:317,23,0,1
BRDA:317,23,1,0
BRDA:325,24,0,0
BRDA:328,25,0,6
BRDA:328,25,1,0
BRDA:345,26,0,1
BRDA:345,26,1,0
BRDA:359,27,0,0
BRDA:359,27,1,0
BRDA:375,28,0,3
BRDA:375,28,1,1
BRDA:375,28,2,1
BRDA:392,29,0,2
BRDA:392,29,1,1
BRDA:392,29,2,1
BRDA:423,30,0,0
BRDA:428,31,0,0
BRDA:428,31,1,0
BRDA:448,32,0,0
BRDA:448,32,1,0
BRDA:448,32,2,0
BRDA:452,33,0,0
BRDA:452,33,1,0
BRDA:477,34,0,1
BRDA:477,34,1,1
BRDA:544,35,0,0
BRDA:544,35,1,0
BRDA:549,36,0,0
BRDA:549,36,1,0
BRDA:554,37,0,0
BRDA:554,37,1,0
BRDA:559,38,0,0
BRDA:559,38,1,0
BRDA:572,39,0,0
BRDA:572,39,1,0
BRDA:572,39,2,1
BRDA:572,39,3,2
BRDA:572,39,4,2
BRDA:572,39,5,2
BRDA:572,39,6,2
BRDA:572,39,7,2
BRDA:572,39,8,2
BRDA:572,39,9,2
BRDA:572,39,10,2
BRDA:572,39,11,2
BRDA:572,39,12,3
BRDA:572,39,13,4
BRDA:572,39,14,5
BRDA:572,39,15,2
BRDA:572,39,16,1
BRDA:572,39,17,1
BRDA:572,39,18,0
BRDA:609,40,0,1
BRDA:609,40,1,0
BRDA:652,41,0,0
BRDA:652,41,1,1
BRDA:652,41,2,1
BRDA:652,41,3,0
BRDA:652,41,4,0
BRDA:652,41,5,0
BRDA:652,41,6,0
BRDA:676,42,0,2
BRDA:676,42,1,0
BRDA:676,43,0,2
BRDA:676,43,1,2
BRDA:689,44,0,2
BRDA:689,44,1,0
BRDA:689,44,2,0
BRDA:689,44,3,0
BRDA:689,44,4,1
BRDA:689,44,5,1
BRDA:689,44,6,1
BRDA:720,45,0,5
BRDA:720,45,1,0
BRDA:743,46,0,2
BRDA:743,46,1,0
BRDA:744,47,0,2
BRDA:744,47,1,0
BRDA:745,48,0,2
BRDA:745,48,1,2
BRDA:778,49,0,1
BRDA:778,49,1,2
BRDA:796,50,0,0
BRDA:796,50,1,12
BRDA:796,51,0,12
BRDA:796,51,1,12
BRDA:817,52,0,0
BRDA:817,52,1,9
BRDA:817,53,0,9
BRDA:817,53,1,9
BRDA:861,54,0,1
BRDA:861,54,1,0
BRDA:872,55,0,0
BRDA:872,55,1,0
BRDA:882,56,0,0
BRDA:882,56,1,0
BRDA:893,57,0,1
BRDA:893,57,1,0
BRDA:893,58,0,1
BRDA:893,58,1,1
BRDA:925,59,0,0
BRDA:926,60,0,0
BRDA:926,60,1,0
BRF:149
BRH:60
end_of_record
TN:
SF:src/connection/connection.ts
FN:65,(anonymous_1)
FN:87,(anonymous_2)
FN:88,(anonymous_3)
FN:89,(anonymous_4)
FN:90,(anonymous_5)
FN:100,(anonymous_6)
FN:114,(anonymous_7)
FN:121,(anonymous_8)
FN:136,(anonymous_9)
FN:137,(anonymous_10)
FN:141,(anonymous_11)
FN:147,(anonymous_12)
FN:159,(anonymous_13)
FN:172,(anonymous_14)
FN:175,(anonymous_15)
FN:191,(anonymous_16)
FN:196,(anonymous_17)
FN:202,(anonymous_18)
FN:211,(anonymous_19)
FN:236,(anonymous_20)
FN:250,(anonymous_21)
FN:281,(anonymous_22)
FN:294,(anonymous_23)
FN:311,(anonymous_24)
FN:317,(anonymous_25)
FN:335,(anonymous_26)
FN:342,(anonymous_27)
FN:351,(anonymous_28)
FN:372,(anonymous_29)
FN:375,(anonymous_30)
FN:385,(anonymous_31)
FN:394,(anonymous_32)
FN:405,(anonymous_33)
FN:415,(anonymous_34)
FN:435,(anonymous_35)
FN:448,(anonymous_36)
FN:458,(anonymous_37)
FN:465,(anonymous_38)
FN:472,(anonymous_39)
FN:479,(anonymous_40)
FN:486,(anonymous_41)
FN:493,(anonymous_42)
FN:500,(anonymous_43)
FN:508,(anonymous_44)
FN:526,(anonymous_45)
FN:585,(anonymous_46)
FN:601,(anonymous_47)
FN:605,(anonymous_48)
FN:612,(anonymous_49)
FN:622,(anonymous_50)
FN:634,(anonymous_51)
FN:641,(anonymous_52)
FN:660,(anonymous_53)
FN:668,(anonymous_54)
FNF:54
FNH:51
FNDA:66,(anonymous_1)
FNDA:43,(anonymous_2)
FNDA:30,(anonymous_3)
FNDA:44,(anonymous_4)
FNDA:30,(anonymous_5)
FNDA:43,(anonymous_6)
FNDA:41,(anonymous_7)
FNDA:0,(anonymous_8)
FNDA:41,(anonymous_9)
FNDA:41,(anonymous_10)
FNDA:1,(anonymous_11)
FNDA:40,(anonymous_12)
FNDA:2,(anonymous_13)
FNDA:40,(anonymous_14)
FNDA:9,(anonymous_15)
FNDA:2,(anonymous_16)
FNDA:3,(anonymous_17)
FNDA:1,(anonymous_18)
FNDA:9,(anonymous_19)
FNDA:14,(anonymous_20)
FNDA:8,(anonymous_21)
FNDA:14,(anonymous_22)
FNDA:4,(anonymous_23)
FNDA:4,(anonymous_24)
FNDA:0,(anonymous_25)
FNDA:1,(anonymous_26)
FNDA:40,(anonymous_27)
FNDA:2,(anonymous_28)
FNDA:2,(anonymous_29)
FNDA:0,(anonymous_30)
FNDA:1,(anonymous_31)
FNDA:169,(anonymous_32)
FNDA:180,(anonymous_33)
FNDA:128,(anonymous_34)
FNDA:61,(anonymous_35)
FNDA:69,(anonymous_36)
FNDA:6,(anonymous_37)
FNDA:28,(anonymous_38)
FNDA:2,(anonymous_39)
FNDA:1,(anonymous_40)
FNDA:1,(anonymous_41)
FNDA:1,(anonymous_42)
FNDA:11,(anonymous_43)
FNDA:4,(anonymous_44)
FNDA:1,(anonymous_45)
FNDA:1,(anonymous_46)
FNDA:4,(anonymous_47)
FNDA:2,(anonymous_48)
FNDA:40,(anonymous_49)
FNDA:3,(anonymous_50)
FNDA:2,(anonymous_51)
FNDA:1,(anonymous_52)
FNDA:13,(anonymous_53)
FNDA:9,(anonymous_54)
DA:6,4
DA:7,4
DA:8,4
DA:9,4
DA:10,4
DA:11,4
DA:22,4
DA:32,4
DA:33,66
DA:35,66
DA:47,66
DA:48,66
DA:49,66
DA:50,66
DA:53,66
DA:62,66
DA:63,66
DA:66,66
DA:68,66
DA:86,66
DA:87,43
DA:88,30
DA:89,44
DA:90,30
DA:93,66
DA:94,66
DA:101,43
DA:102,1
DA:105,42
DA:106,1
DA:107,1
DA:110,41
DA:112,41
DA:113,41
DA:115,41
DA:122,0
DA:127,1
DA:128,1
DA:129,1
DA:137,41
DA:138,41
DA:140,41
DA:141,41
DA:142,1
DA:143,1
DA:145,41
DA:147,41
DA:148,40
DA:149,40
DA:150,40
DA:151,40
DA:152,40
DA:153,40
DA:154,40
DA:155,40
DA:156,40
DA:159,41
DA:160,2
DA:161,2
DA:162,2
DA:165,41
DA:173,40
DA:175,40
DA:176,9
DA:177,9
DA:178,9
DA:179,9
DA:180,9
DA:181,9
DA:184,0
DA:185,0
DA:186,0
DA:187,0
DA:191,40
DA:192,2
DA:193,2
DA:196,40
DA:197,3
DA:198,3
DA:199,3
DA:202,40
DA:203,1
DA:204,1
DA:213,9
DA:214,0
DA:215,0
DA:218,9
DA:219,1
DA:220,1
DA:224,8
DA:225,8
DA:226,8
DA:230,0
DA:237,14
DA:238,1
DA:241,13
DA:242,13
DA:243,13
DA:244,13
DA:251,8
DA:253,8
DA:255,8
DA:256,8
DA:258,0
DA:262,8
DA:265,8
DA:266,8
DA:269,8
DA:270,4
DA:271,4
DA:275,8
DA:282,14
DA:283,14
DA:284,14
DA:285,14
DA:288,14
DA:295,4
DA:296,4
DA:297,4
DA:299,4
DA:300,4
DA:303,4
DA:304,4
DA:312,4
DA:314,4
DA:315,4
DA:317,4
DA:318,0
DA:320,0
DA:321,0
DA:322,0
DA:323,0
DA:324,0
DA:326,0
DA:327,0
DA:336,1
DA:344,40
DA:345,7
DA:346,7
DA:349,33
DA:351,33
DA:352,2
DA:353,0
DA:354,0
DA:357,2
DA:358,2
DA:359,2
DA:360,2
DA:361,2
DA:363,0
DA:364,0
DA:373,2
DA:375,2
DA:376,0
DA:377,0
DA:379,2
DA:386,1
DA:387,1
DA:388,1
DA:395,169
DA:396,33
DA:397,33
DA:399,169
DA:406,180
DA:407,2
DA:408,2
DA:416,128
DA:418,128
DA:419,4
DA:420,4
DA:423,128
DA:424,40
DA:425,40
DA:426,40
DA:429,128
DA:436,61
DA:437,61
DA:439,61
DA:440,60
DA:441,60
DA:449,69
DA:450,69
DA:451,69
DA:452,69
DA:459,6
DA:466,28
DA:473,2
DA:480,1
DA:487,1
DA:494,1
DA:501,11
DA:502,11
DA:509,4
DA:510,4
DA:514,4
DA:527,1
DA:528,1
DA:529,1
DA:531,1
DA:532,0
DA:533,0
DA:536,1
DA:537,1
DA:538,0
DA:539,0
DA:540,1
DA:541,0
DA:542,0
DA:544,0
DA:549,1
DA:555,1
DA:556,1
DA:557,0
DA:558,0
DA:563,1
DA:564,1
DA:565,1
DA:567,1
DA:571,1
DA:572,0
DA:573,0
DA:575,0
DA:579,1
DA:586,1
DA:595,1
DA:602,4
DA:603,2
DA:605,2
DA:606,2
DA:613,40
DA:614,40
DA:615,40
DA:616,40
DA:623,3
DA:624,3
DA:625,3
DA:626,3
DA:627,3
DA:628,3
DA:635,2
DA:642,1
DA:643,1
DA:645,1
DA:646,1
DA:647,1
DA:650,1
DA:651,1
DA:652,0
DA:661,13
DA:662,13
DA:669,9
DA:670,9
LF:252
LH:216
BRDA:70,0,0,66
BRDA:70,0,1,1
BRDA:71,1,0,66
BRDA:71,1,1,1
BRDA:72,2,0,66
BRDA:72,2,1,66
BRDA:74,3,0,66
BRDA:74,3,1,64
BRDA:75,4,0,66
BRDA:75,4,1,60
BRDA:76,5,0,66
BRDA:76,5,1,63
BRDA:77,6,0,66
BRDA:77,6,1,65
BRDA:78,7,0,66
BRDA:78,7,1,66
BRDA:79,8,0,66
BRDA:79,8,1,66
BRDA:86,9,0,66
BRDA:86,9,1,63
BRDA:101,10,0,1
BRDA:101,10,1,42
BRDA:105,11,0,1
BRDA:105,11,1,41
BRDA:118,12,0,39
BRDA:118,12,1,2
BRDA:127,13,0,1
BRDA:127,13,1,0
BRDA:145,14,0,40
BRDA:145,14,1,1
BRDA:173,15,0,0
BRDA:173,15,1,40
BRDA:184,16,0,0
BRDA:184,16,1,0
BRDA:213,17,0,0
BRDA:213,17,1,9
BRDA:218,18,0,1
BRDA:218,18,1,8
BRDA:224,19,0,8
BRDA:224,19,1,0
BRDA:237,20,0,1
BRDA:237,20,1,13
BRDA:237,21,0,14
BRDA:237,21,1,13
BRDA:269,22,0,4
BRDA:269,22,1,4
BRDA:299,23,0,4
BRDA:299,23,1,0
BRDA:303,24,0,4
BRDA:303,24,1,0
BRDA:303,25,0,4
BRDA:303,25,1,4
BRDA:303,25,2,4
BRDA:312,26,0,0
BRDA:312,26,1,4
BRDA:312,27,0,4
BRDA:312,27,1,4
BRDA:318,28,0,0
BRDA:318,28,1,0
BRDA:344,29,0,7
BRDA:344,29,1,33
BRDA:352,30,0,0
BRDA:352,30,1,2
BRDA:379,31,0,2
BRDA:379,31,1,0
BRDA:395,32,0,33
BRDA:395,32,1,136
BRDA:406,33,0,2
BRDA:406,33,1,178
BRDA:418,34,0,4
BRDA:418,34,1,124
BRDA:423,35,0,40
BRDA:423,35,1,88
BRDA:439,36,0,60
BRDA:439,36,1,1
BRDA:502,37,0,9
BRDA:502,37,1,2
BRDA:510,38,0,3
BRDA:510,38,1,1
BRDA:531,39,0,0
BRDA:531,39,1,1
BRDA:536,40,0,1
BRDA:536,40,1,0
BRDA:537,41,0,0
BRDA:537,41,1,1
BRDA:540,42,0,0
BRDA:540,42,1,1
BRDA:541,43,0,0
BRDA:541,43,1,0
BRDA:549,44,0,1
BRDA:549,44,1,0
BRDA:550,45,0,1
BRDA:550,45,1,1
BRDA:550,45,2,1
BRDA:550,45,3,1
BRDA:556,46,0,0
BRDA:556,46,1,1
BRDA:563,47,0,1
BRDA:563,47,1,0
BRDA:564,48,0,1
BRDA:564,48,1,0
BRDA:571,49,0,0
BRDA:571,49,1,1
BRDA:572,50,0,0
BRDA:572,50,1,0
BRDA:602,51,0,2
BRDA:602,51,1,2
BRDA:645,52,0,1
BRDA:645,52,1,0
BRDA:651,53,0,0
BRDA:651,53,1,1
BRF:111
BRH:83
end_of_record
TN:
SF:src/connection/encrypted-connection.ts
FN:61,(anonymous_1)
FN:98,(anonymous_2)
FN:119,(anonymous_3)
FN:126,(anonymous_4)
FN:141,(anonymous_5)
FN:142,(anonymous_6)
FN:146,(anonymous_7)
FN:152,(anonymous_8)
FN:179,(anonymous_9)
FN:194,(anonymous_10)
FN:204,(anonymous_11)
FN:205,(anonymous_12)
FN:229,(anonymous_13)
FN:236,(anonymous_14)
FN:368,(anonymous_15)
FN:379,(anonymous_16)
FN:390,(anonymous_17)
FN:401,(anonymous_18)
FN:404,(anonymous_19)
FN:419,(anonymous_20)
FN:424,(anonymous_21)
FN:429,(anonymous_22)
FN:438,(anonymous_23)
FN:463,(anonymous_24)
FN:485,(anonymous_25)
FN:495,(anonymous_26)
FN:529,(anonymous_27)
FN:533,(anonymous_28)
FN:537,(anonymous_29)
FN:541,(anonymous_30)
FN:545,(anonymous_31)
FN:549,(anonymous_32)
FN:553,(anonymous_33)
FN:557,(anonymous_34)
FN:567,(anonymous_35)
FN:586,(anonymous_36)
FN:592,(anonymous_37)
FN:610,(anonymous_38)
FN:623,(anonymous_39)
FN:630,(anonymous_40)
FN:638,(anonymous_41)
FN:658,(anonymous_42)
FN:661,(anonymous_43)
FN:672,(anonymous_44)
FN:680,(anonymous_45)
FN:691,(anonymous_46)
FN:701,(anonymous_47)
FN:723,(anonymous_48)
FNF:48
FNH:30
FNDA:27,(anonymous_1)
FNDA:1,(anonymous_2)
FNDA:0,(anonymous_3)
FNDA:0,(anonymous_4)
FNDA:0,(anonymous_5)
FNDA:0,(anonymous_6)
FNDA:0,(anonymous_7)
FNDA:0,(anonymous_8)
FNDA:0,(anonymous_9)
FNDA:6,(anonymous_10)
FNDA:6,(anonymous_11)
FNDA:6,(anonymous_12)
FNDA:1,(anonymous_13)
FNDA:7,(anonymous_14)
FNDA:0,(anonymous_15)
FNDA:7,(anonymous_16)
FNDA:2,(anonymous_17)
FNDA:0,(anonymous_18)
FNDA:0,(anonymous_19)
FNDA:0,(anonymous_20)
FNDA:0,(anonymous_21)
FNDA:0,(anonymous_22)
FNDA:1,(anonymous_23)
FNDA:1,(anonymous_24)
FNDA:2,(anonymous_25)
FNDA:4,(anonymous_26)
FNDA:6,(anonymous_27)
FNDA:2,(anonymous_28)
FNDA:2,(anonymous_29)
FNDA:0,(anonymous_30)
FNDA:1,(anonymous_31)
FNDA:1,(anonymous_32)
FNDA:1,(anonymous_33)
FNDA:19,(anonymous_34)
FNDA:3,(anonymous_35)
FNDA:3,(anonymous_36)
FNDA:1,(anonymous_37)
FNDA:1,(anonymous_38)
FNDA:0,(anonymous_39)
FNDA:0,(anonymous_40)
FNDA:0,(anonymous_41)
FNDA:1,(anonymous_42)
FNDA:1,(anonymous_43)
FNDA:0,(anonymous_44)
FNDA:26,(anonymous_45)
FNDA:28,(anonymous_46)
FNDA:24,(anonymous_47)
FNDA:8,(anonymous_48)
DA:7,4
DA:8,4
DA:9,4
DA:10,4
DA:11,4
DA:12,4
DA:13,4
DA:15,4
DA:19,4
DA:37,4
DA:38,27
DA:43,27
DA:54,27
DA:55,27
DA:56,27
DA:57,27
DA:58,27
DA:59,27
DA:62,27
DA:63,27
DA:80,27
DA:83,27
DA:84,22
DA:85,22
DA:92,27
DA:99,1
DA:100,1
DA:103,0
DA:104,0
DA:105,0
DA:109,0
DA:110,0
DA:111,0
DA:112,0
DA:115,0
DA:117,0
DA:118,0
DA:120,0
DA:127,0
DA:132,0
DA:133,0
DA:134,0
DA:142,0
DA:143,0
DA:145,0
DA:146,0
DA:147,0
DA:148,0
DA:150,0
DA:152,0
DA:153,0
DA:154,0
DA:155,0
DA:156,0
DA:157,0
DA:160,0
DA:161,0
DA:162,0
DA:163,0
DA:164,0
DA:165,0
DA:167,0
DA:168,0
DA:169,0
DA:170,0
DA:174,0
DA:175,0
DA:176,0
DA:179,0
DA:180,0
DA:181,0
DA:182,0
DA:185,0
DA:195,6
DA:196,0
DA:200,6
DA:201,6
DA:202,6
DA:204,6
DA:205,6
DA:206,6
DA:212,6
DA:213,6
DA:217,6
DA:223,6
DA:225,0
DA:226,0
DA:229,6
DA:230,1
DA:232,6
DA:234,6
DA:236,6
DA:237,7
DA:243,7
DA:244,7
DA:246,7
DA:247,7
DA:248,7
DA:250,7
DA:251,0
DA:254,7
DA:255,1
DA:258,6
DA:259,6
DA:262,6
DA:263,2
DA:265,2
DA:266,2
DA:269,1
DA:271,1
DA:272,0
DA:273,0
DA:277,1
DA:278,1
DA:279,1
DA:281,1
DA:283,1
DA:288,1
DA:290,1
DA:291,1
DA:293,4
DA:295,3
DA:297,3
DA:298,3
DA:299,1
DA:303,2
DA:304,1
DA:305,1
DA:306,1
DA:307,1
DA:308,1
DA:316,1
DA:317,1
DA:318,1
DA:319,1
DA:320,1
DA:321,1
DA:322,1
DA:324,1
DA:326,1
DA:327,1
DA:329,1
DA:330,0
DA:334,1
DA:337,1
DA:339,1
DA:340,1
DA:341,1
DA:343,1
DA:345,1
DA:346,1
DA:347,1
DA:351,4
DA:352,4
DA:353,4
DA:355,4
DA:359,6
DA:360,6
DA:361,6
DA:364,6
DA:365,6
DA:366,6
DA:368,6
DA:369,0
DA:380,7
DA:381,7
DA:382,7
DA:383,7
DA:384,7
DA:391,2
DA:392,2
DA:393,2
DA:394,2
DA:395,2
DA:402,0
DA:404,0
DA:405,0
DA:406,0
DA:407,0
DA:408,0
DA:409,0
DA:412,0
DA:413,0
DA:414,0
DA:415,0
DA:419,0
DA:420,0
DA:421,0
DA:424,0
DA:425,0
DA:426,0
DA:429,0
DA:430,0
DA:431,0
DA:440,1
DA:441,0
DA:442,0
DA:445,1
DA:446,0
DA:447,0
DA:451,1
DA:452,0
DA:453,0
DA:457,1
DA:464,1
DA:466,1
DA:467,1
DA:468,1
DA:470,0
DA:473,1
DA:474,1
DA:475,1
DA:477,1
DA:478,1
DA:479,1
DA:482,1
DA:486,2
DA:487,2
DA:488,2
DA:489,2
DA:496,4
DA:497,0
DA:500,4
DA:502,2
DA:503,2
DA:505,2
DA:506,2
DA:508,2
DA:511,2
DA:512,2
DA:514,2
DA:515,2
DA:523,2
DA:524,2
DA:525,2
DA:530,6
DA:534,2
DA:538,2
DA:542,0
DA:546,1
DA:550,1
DA:554,1
DA:558,19
DA:559,19
DA:560,19
DA:561,19
DA:568,3
DA:570,3
DA:571,3
DA:572,3
DA:574,3
DA:575,2
DA:578,3
DA:579,2
DA:587,3
DA:589,3
DA:590,3
DA:592,3
DA:593,1
DA:595,1
DA:596,1
DA:597,1
DA:598,1
DA:600,0
DA:601,0
DA:602,0
DA:611,1
DA:612,1
DA:614,1
DA:615,1
DA:616,1
DA:624,0
DA:631,0
DA:632,0
DA:633,0
DA:636,0
DA:638,0
DA:639,0
DA:640,0
DA:641,0
DA:644,0
DA:645,0
DA:646,0
DA:647,0
DA:649,0
DA:650,0
DA:659,1
DA:661,1
DA:662,1
DA:663,1
DA:666,1
DA:673,0
DA:674,0
DA:681,26
DA:682,0
DA:683,0
DA:685,26
DA:692,28
DA:693,1
DA:694,1
DA:702,24
DA:704,24
DA:705,1
DA:706,1
DA:709,24
DA:710,4
DA:711,4
DA:712,4
DA:715,24
DA:716,24
DA:718,24
DA:719,19
DA:724,8
DA:725,8
DA:726,8
DA:727,6
LF:316
LH:211
BRDA:65,0,0,27
BRDA:65,0,1,19
BRDA:66,1,0,27
BRDA:66,1,1,19
BRDA:67,2,0,27
BRDA:67,2,1,27
BRDA:69,3,0,27
BRDA:69,3,1,26
BRDA:70,4,0,27
BRDA:70,4,1,25
BRDA:71,5,0,27
BRDA:71,5,1,26
BRDA:72,6,0,27
BRDA:72,6,1,27
BRDA:73,7,0,27
BRDA:73,7,1,5
BRDA:74,8,0,27
BRDA:74,8,1,26
BRDA:83,9,0,22
BRDA:83,9,1,5
BRDA:99,10,0,1
BRDA:99,10,1,0
BRDA:103,11,0,0
BRDA:103,11,1,0
BRDA:109,12,0,0
BRDA:109,12,1,0
BRDA:109,13,0,0
BRDA:109,13,1,0
BRDA:123,14,0,0
BRDA:123,14,1,0
BRDA:132,15,0,0
BRDA:132,15,1,0
BRDA:160,16,0,0
BRDA:160,16,1,0
BRDA:195,17,0,0
BRDA:195,17,1,6
BRDA:250,18,0,0
BRDA:250,18,1,7
BRDA:254,19,0,1
BRDA:254,19,1,6
BRDA:262,20,0,2
BRDA:262,20,1,4
BRDA:262,21,0,6
BRDA:262,21,1,2
BRDA:271,22,0,0
BRDA:271,22,1,1
BRDA:293,23,0,3
BRDA:293,23,1,1
BRDA:298,24,0,1
BRDA:298,24,1,2
BRDA:303,25,0,1
BRDA:303,25,1,1
BRDA:305,26,0,1
BRDA:305,26,1,0
BRDA:307,27,0,1
BRDA:307,27,1,0
BRDA:322,28,0,1
BRDA:322,28,1,0
BRDA:329,29,0,0
BRDA:329,29,1,1
BRDA:352,30,0,4
BRDA:352,30,1,0
BRDA:359,31,0,6
BRDA:359,31,1,0
BRDA:402,32,0,0
BRDA:402,32,1,0
BRDA:402,33,0,0
BRDA:402,33,1,0
BRDA:412,34,0,0
BRDA:412,34,1,0
BRDA:440,35,0,0
BRDA:440,35,1,1
BRDA:445,36,0,0
BRDA:445,36,1,1
BRDA:451,37,0,0
BRDA:451,37,1,1
BRDA:477,38,0,1
BRDA:477,38,1,0
BRDA:496,39,0,0
BRDA:496,39,1,4
BRDA:496,40,0,4
BRDA:496,40,1,4
BRDA:500,41,0,2
BRDA:500,41,1,2
BRDA:500,42,0,4
BRDA:500,42,1,2
BRDA:574,43,0,2
BRDA:574,43,1,1
BRDA:578,44,0,2
BRDA:578,44,1,1
BRDA:578,45,0,3
BRDA:578,45,1,2
BRDA:578,45,2,2
BRDA:587,46,0,0
BRDA:587,46,1,3
BRDA:587,47,0,3
BRDA:587,47,1,3
BRDA:593,48,0,0
BRDA:593,48,1,1
BRDA:612,49,0,1
BRDA:612,49,1,0
BRDA:614,50,0,1
BRDA:614,50,1,0
BRDA:614,51,0,1
BRDA:614,51,1,1
BRDA:631,52,0,0
BRDA:631,52,1,0
BRDA:639,53,0,0
BRDA:639,53,1,0
BRDA:681,54,0,0
BRDA:681,54,1,26
BRDA:692,55,0,1
BRDA:692,55,1,27
BRDA:704,56,0,1
BRDA:704,56,1,23
BRDA:709,57,0,4
BRDA:709,57,1,20
BRDA:718,58,0,19
BRDA:718,58,1,5
BRDA:726,59,0,6
BRDA:726,59,1,2
BRF:121
BRH:79
end_of_record
TN:
SF:src/connection/noise-encryption.ts
FN:21,loadNoise
FN:27,(anonymous_2)
FN:28,(anonymous_3)
FN:47,(anonymous_4)
FN:59,(anonymous_5)
FN:96,(anonymous_6)
FN:123,(anonymous_7)
FN:152,(anonymous_8)
FN:171,(anonymous_9)
FN:190,(anonymous_10)
FN:197,(anonymous_11)
FN:204,(anonymous_12)
FN:236,(anonymous_13)
FNF:13
FNH:9
FNDA:9,loadNoise
FNDA:1,(anonymous_2)
FNDA:1,(anonymous_3)
FNDA:18,(anonymous_4)
FNDA:10,(anonymous_5)
FNDA:3,(anonymous_6)
FNDA:0,(anonymous_7)
FNDA:1,(anonymous_8)
FNDA:1,(anonymous_9)
FNDA:0,(anonymous_10)
FNDA:6,(anonymous_11)
FNDA:0,(anonymous_12)
FNDA:0,(anonymous_13)
DA:7,5
DA:9,5
DA:12,5
DA:15,5
DA:16,5
DA:22,9
DA:23,8
DA:26,1
DA:27,1
DA:28,1
DA:29,1
DA:30,1
DA:31,1
DA:36,1
DA:39,5
DA:41,18
DA:42,18
DA:43,18
DA:44,18
DA:45,18
DA:49,18
DA:50,18
DA:51,4
DA:53,14
DA:60,10
DA:61,1
DA:62,1
DA:65,9
DA:67,9
DA:69,9
DA:76,9
DA:78,9
DA:85,9
DA:86,9
DA:88,0
DA:89,0
DA:97,3
DA:104,3
DA:105,1
DA:108,2
DA:110,2
DA:111,2
DA:112,2
DA:113,2
DA:115,0
DA:116,0
DA:124,0
DA:125,0
DA:128,0
DA:130,0
DA:133,0
DA:134,0
DA:135,0
DA:136,0
DA:140,0
DA:142,0
DA:144,0
DA:145,0
DA:153,1
DA:154,1
DA:157,0
DA:158,0
DA:162,0
DA:164,0
DA:172,1
DA:173,1
DA:176,0
DA:177,0
DA:181,0
DA:183,0
DA:191,0
DA:198,6
DA:205,0
DA:206,0
DA:207,0
DA:211,0
DA:213,0
DA:214,0
DA:215,0
DA:219,0
DA:221,0
DA:222,0
DA:223,0
DA:227,0
DA:229,0
DA:230,0
DA:237,0
LF:87
LH:47
BRDA:22,0,0,8
BRDA:22,0,1,1
BRDA:26,1,0,1
BRDA:26,1,1,0
BRDA:50,2,0,4
BRDA:50,2,1,14
BRDA:60,3,0,1
BRDA:60,3,1,9
BRDA:101,4,0,2
BRDA:101,4,1,1
BRDA:104,5,0,1
BRDA:104,5,1,2
BRDA:104,6,0,3
BRDA:104,6,1,2
BRDA:124,7,0,0
BRDA:124,7,1,0
BRDA:124,8,0,0
BRDA:124,8,1,0
BRDA:153,9,0,1
BRDA:153,9,1,0
BRDA:153,10,0,1
BRDA:153,10,1,0
BRDA:172,11,0,1
BRDA:172,11,1,0
BRDA:172,12,0,1
BRDA:172,12,1,0
BRDA:205,13,0,0
BRDA:205,13,1,0
BRDA:213,14,0,0
BRDA:213,14,1,0
BRDA:221,15,0,0
BRDA:221,15,1,0
BRF:32
BRH:17
end_of_record
TN:
SF:src/discovery/discovery.ts
FN:24,(anonymous_1)
FN:33,(anonymous_2)
FN:46,(anonymous_3)
FN:50,(anonymous_4)
FN:56,(anonymous_5)
FN:66,(anonymous_6)
FN:83,(anonymous_7)
FN:101,(anonymous_8)
FN:117,(anonymous_9)
FN:123,(anonymous_10)
FN:153,(anonymous_11)
FN:160,(anonymous_12)
FN:167,(anonymous_13)
FN:179,discoverDevices
FN:180,(anonymous_15)
FN:184,(anonymous_16)
FN:188,(anonymous_17)
FN:194,(anonymous_18)
FNF:18
FNH:18
FNDA:17,(anonymous_1)
FNDA:17,(anonymous_2)
FNDA:12,(anonymous_3)
FNDA:1,(anonymous_4)
FNDA:3,(anonymous_5)
FNDA:23,(anonymous_6)
FNDA:12,(anonymous_7)
FNDA:1,(anonymous_8)
FNDA:13,(anonymous_9)
FNDA:11,(anonymous_10)
FNDA:6,(anonymous_11)
FNDA:19,(anonymous_12)
FNDA:18,(anonymous_13)
FNDA:2,discoverDevices
FNDA:2,(anonymous_15)
FNDA:1,(anonymous_16)
FNDA:1,(anonymous_17)
FNDA:2,(anonymous_18)
DA:6,3
DA:7,3
DA:8,3
DA:11,3
DA:18,3
DA:21,17
DA:22,17
DA:25,17
DA:26,17
DA:27,17
DA:34,17
DA:35,1
DA:36,1
DA:39,16
DA:40,16
DA:41,16
DA:44,16
DA:46,16
DA:47,12
DA:50,16
DA:51,1
DA:55,16
DA:56,3
DA:57,3
DA:59,3
DA:67,23
DA:68,7
DA:71,16
DA:72,16
DA:74,16
DA:75,16
DA:76,16
DA:84,12
DA:85,12
DA:86,10
DA:87,9
DA:88,9
DA:89,9
DA:90,9
DA:93,2
DA:94,2
DA:102,1
DA:103,1
DA:104,1
DA:105,1
DA:106,1
DA:107,1
DA:110,0
DA:118,13
DA:119,1
DA:123,11
DA:125,10
DA:126,0
DA:129,10
DA:136,10
DA:137,10
DA:138,10
DA:139,2
DA:141,10
DA:142,2
DA:147,10
DA:154,6
DA:161,19
DA:168,18
DA:169,18
DA:170,18
DA:171,18
DA:172,18
DA:179,3
DA:180,2
DA:181,2
DA:182,2
DA:184,2
DA:185,1
DA:188,2
DA:189,1
DA:192,2
DA:194,2
DA:195,2
DA:196,2
DA:198,2
LF:81
LH:79
BRDA:34,0,0,1
BRDA:34,0,1,16
BRDA:55,1,0,3
BRDA:55,1,1,13
BRDA:55,2,0,16
BRDA:55,2,1,3
BRDA:67,3,0,7
BRDA:67,3,1,16
BRDA:74,4,0,16
BRDA:74,4,1,0
BRDA:86,5,0,9
BRDA:86,5,1,1
BRDA:94,6,0,2
BRDA:94,6,1,0
BRDA:104,7,0,1
BRDA:104,7,1,0
BRDA:118,8,0,1
BRDA:118,8,1,10
BRDA:118,9,0,13
BRDA:118,9,1,11
BRDA:123,10,0,10
BRDA:123,10,1,0
BRDA:125,11,0,0
BRDA:125,11,1,10
BRDA:132,12,0,10
BRDA:132,12,1,0
BRDA:136,13,0,10
BRDA:136,13,1,0
BRDA:137,14,0,10
BRDA:137,14,1,0
BRDA:138,15,0,2
BRDA:138,15,1,8
BRDA:141,16,0,2
BRDA:141,16,1,8
BRDA:179,17,0,0
BRF:35
BRH:26
end_of_record
TN:
SF:src/types/generated-entity-types.ts
FN:190,isValidEntityType
FNF:1
FNH:1
FNDA:9,isValidEntityType
DA:161,11
DA:190,11
DA:191,9
LF:3
LH:3
BRF:0
BRH:0
end_of_record
TN:
SF:src/types/index.ts
FN:68,(anonymous_0)
FN:87,(anonymous_1)
FN:156,(anonymous_2)
FN:243,(anonymous_3)
FN:367,(anonymous_4)
FN:402,(anonymous_5)
FN:420,(anonymous_6)
FN:433,(anonymous_7)
FN:443,(anonymous_8)
FN:452,(anonymous_9)
FN:461,(anonymous_10)
FN:470,(anonymous_11)
FN:481,(anonymous_12)
FN:491,(anonymous_13)
FN:499,(anonymous_14)
FN:507,(anonymous_15)
FN:517,(anonymous_16)
FN:527,(anonymous_17)
FN:536,(anonymous_18)
FN:545,(anonymous_19)
FN:556,(anonymous_20)
FN:566,(anonymous_21)
FN:577,(anonymous_22)
FN:599,(anonymous_23)
FN:599,(anonymous_24)
FN:606,isEntityType
FN:672,isConnected
FN:681,isAuthenticated
FNF:28
FNH:23
FNDA:10,(anonymous_0)
FNDA:10,(anonymous_1)
FNDA:10,(anonymous_2)
FNDA:10,(anonymous_3)
FNDA:10,(anonymous_4)
FNDA:35,(anonymous_5)
FNDA:2,(anonymous_6)
FNDA:13,(anonymous_7)
FNDA:1,(anonymous_8)
FNDA:1,(anonymous_9)
FNDA:1,(anonymous_10)
FNDA:1,(anonymous_11)
FNDA:5,(anonymous_12)
FNDA:1,(anonymous_13)
FNDA:1,(anonymous_14)
FNDA:1,(anonymous_15)
FNDA:6,(anonymous_16)
FNDA:1,(anonymous_17)
FNDA:1,(anonymous_18)
FNDA:1,(anonymous_19)
FNDA:3,(anonymous_20)
FNDA:2,(anonymous_21)
FNDA:2,(anonymous_22)
FNDA:0,(anonymous_23)
FNDA:0,(anonymous_24)
FNDA:0,isEntityType
FNDA:0,isConnected
FNDA:0,isAuthenticated
DA:68,10
DA:69,10
DA:70,10
DA:71,10
DA:87,10
DA:88,10
DA:89,10
DA:90,10
DA:91,10
DA:156,10
DA:158,10
DA:160,10
DA:162,10
DA:164,10
DA:166,10
DA:168,10
DA:170,10
DA:172,10
DA:189,10
DA:190,10
DA:191,10
DA:192,10
DA:193,10
DA:194,10
DA:195,10
DA:196,10
DA:243,10
DA:244,10
DA:245,10
DA:246,10
DA:247,10
DA:248,10
DA:249,10
DA:251,10
DA:253,10
DA:254,10
DA:255,10
DA:256,10
DA:257,10
DA:258,10
DA:259,10
DA:260,10
DA:261,10
DA:262,10
DA:263,10
DA:264,10
DA:265,10
DA:266,10
DA:267,10
DA:268,10
DA:269,10
DA:270,10
DA:271,10
DA:272,10
DA:273,10
DA:274,10
DA:275,10
DA:276,10
DA:277,10
DA:278,10
DA:279,10
DA:280,10
DA:281,10
DA:282,10
DA:283,10
DA:284,10
DA:285,10
DA:286,10
DA:287,10
DA:288,10
DA:289,10
DA:290,10
DA:291,10
DA:292,10
DA:293,10
DA:294,10
DA:295,10
DA:296,10
DA:297,10
DA:298,10
DA:299,10
DA:300,10
DA:301,10
DA:302,10
DA:303,10
DA:304,10
DA:305,10
DA:306,10
DA:307,10
DA:308,10
DA:309,10
DA:310,10
DA:311,10
DA:312,10
DA:313,10
DA:314,10
DA:315,10
DA:316,10
DA:317,10
DA:318,10
DA:319,10
DA:320,10
DA:321,10
DA:322,10
DA:323,10
DA:324,10
DA:325,10
DA:326,10
DA:327,10
DA:328,10
DA:329,10
DA:330,10
DA:331,10
DA:332,10
DA:333,10
DA:334,10
DA:335,10
DA:336,10
DA:337,10
DA:338,10
DA:339,10
DA:340,10
DA:341,10
DA:342,10
DA:343,10
DA:344,10
DA:345,10
DA:346,10
DA:347,10
DA:348,10
DA:349,10
DA:350,10
DA:351,10
DA:352,10
DA:353,10
DA:354,10
DA:355,10
DA:356,10
DA:357,10
DA:358,10
DA:359,10
DA:360,10
DA:361,10
DA:362,10
DA:363,10
DA:364,10
DA:367,10
DA:369,10
DA:370,10
DA:371,10
DA:372,10
DA:373,10
DA:376,10
DA:377,10
DA:378,10
DA:379,10
DA:382,10
DA:383,10
DA:384,10
DA:385,10
DA:388,10
DA:389,10
DA:392,10
DA:393,10
DA:394,10
DA:397,10
DA:408,35
DA:409,35
DA:410,35
DA:411,35
DA:412,35
DA:415,35
DA:416,35
DA:421,2
DA:422,2
DA:423,1
DA:425,2
DA:426,1
DA:428,2
DA:432,10
DA:439,13
DA:440,13
DA:444,1
DA:453,1
DA:462,1
DA:471,1
DA:480,10
DA:487,5
DA:488,5
DA:492,1
DA:500,1
DA:508,1
DA:516,10
DA:523,6
DA:524,6
DA:528,1
DA:537,1
DA:546,1
DA:555,10
DA:562,3
DA:563,3
DA:567,2
DA:576,10
DA:578,2
DA:584,2
DA:599,10
DA:606,10
DA:612,0
DA:672,10
DA:675,0
DA:681,10
DA:684,0
LF:212
LH:209
BRDA:68,0,0,10
BRDA:68,0,1,10
BRDA:87,1,0,10
BRDA:87,1,1,10
BRDA:156,2,0,10
BRDA:156,2,1,10
BRDA:243,3,0,10
BRDA:243,3,1,10
BRDA:367,4,0,10
BRDA:367,4,1,10
BRDA:404,5,0,4
BRDA:415,6,0,35
BRDA:415,6,1,0
BRDA:422,7,0,1
BRDA:422,7,1,1
BRDA:425,8,0,1
BRDA:425,8,1,1
BRDA:425,9,0,2
BRDA:425,9,1,1
BRDA:435,10,0,9
BRDA:483,11,0,2
BRDA:519,12,0,3
BRDA:558,13,0,1
BRDA:684,14,0,0
BRDA:684,14,1,0
BRF:25
BRH:22
end_of_record
TN:
SF:src/utils/helpers.ts
FN:15,createClient
FN:22,discover
FN:32,connectToFirstDevice
FN:63,formatMacAddress
FN:76,parseVersion
FN:96,retryWithBackoff
FN:123,sleep
FN:124,(anonymous_8)
FN:130,timeout
FN:133,(anonymous_10)
FN:134,(anonymous_11)
FN:141,(anonymous_12)
FNF:12
FNH:12
FNDA:3,createClient
FNDA:5,discover
FNDA:3,connectToFirstDevice
FNDA:5,formatMacAddress
FNDA:7,parseVersion
FNDA:5,retryWithBackoff
FNDA:7,sleep
FNDA:7,(anonymous_8)
FNDA:5,timeout
FNDA:5,(anonymous_10)
FNDA:2,(anonymous_11)
FNDA:3,(anonymous_12)
DA:5,2
DA:6,2
DA:8,2
DA:10,2
DA:15,2
DA:16,3
DA:22,2
DA:23,5
DA:24,5
DA:25,5
DA:26,5
DA:32,2
DA:36,3
DA:38,3
DA:39,1
DA:40,1
DA:43,2
DA:44,2
DA:45,0
DA:48,2
DA:50,2
DA:56,2
DA:57,2
DA:63,2
DA:65,5
DA:68,5
DA:70,5
DA:76,2
DA:81,7
DA:82,7
DA:83,3
DA:86,4
DA:96,2
DA:103,5
DA:104,10
DA:105,10
DA:107,7
DA:109,7
DA:110,5
DA:111,5
DA:112,5
DA:117,2
DA:123,2
DA:124,7
DA:130,2
DA:133,5
DA:134,5
DA:135,2
DA:138,5
DA:141,5
LF:50
LH:49
BRDA:22,0,0,1
BRDA:34,1,0,2
BRDA:38,2,0,1
BRDA:38,2,1,2
BRDA:44,3,0,0
BRDA:44,3,1,2
BRDA:68,4,0,5
BRDA:68,4,1,0
BRDA:82,5,0,3
BRDA:82,5,1,4
BRDA:82,6,0,7
BRDA:82,6,1,4
BRDA:82,6,2,4
BRDA:82,6,3,4
BRDA:98,7,0,1
BRDA:99,8,0,1
BRDA:107,9,0,6
BRDA:107,9,1,1
BRDA:109,10,0,5
BRDA:109,10,1,2
BRDA:117,11,0,2
BRDA:117,11,1,0
BRDA:135,12,0,2
BRDA:135,12,1,1
BRF:24
BRH:21
end_of_record
TN:
SF:src/utils/logger.ts
FN:12,createLogger
FN:15,(anonymous_2)
FN:22,(anonymous_3)
FN:31,setupGlobalLogger
FNF:4
FNH:4
FNDA:5,createLogger
FNDA:4,(anonymous_2)
FNDA:1,(anonymous_3)
FNDA:2,setupGlobalLogger
DA:6,2
DA:12,2
DA:13,5
DA:15,4
DA:16,4
DA:21,1
DA:22,1
DA:23,1
DA:31,2
DA:34,2
DA:35,2
LF:11
LH:11
BRDA:13,0,0,4
BRDA:13,0,1,1
BRF:2
BRH:2
end_of_record
TN:
SF:src/utils/protocol.ts
FN:20,(anonymous_1)
FN:27,(anonymous_2)
FN:51,(anonymous_3)
FN:69,(anonymous_4)
FN:149,(anonymous_5)
FN:156,(anonymous_6)
FN:169,createPingRequest
FN:176,createPingResponse
FNF:8
FNH:8
FNDA:110,(anonymous_1)
FNDA:24,(anonymous_2)
FNDA:22,(anonymous_3)
FNDA:22,(anonymous_4)
FNDA:153,(anonymous_5)
FNDA:8,(anonymous_6)
FNDA:1,createPingRequest
FNDA:1,createPingResponse
DA:6,8
DA:7,8
DA:8,8
DA:10,8
DA:20,8
DA:21,110
DA:22,110
DA:28,24
DA:29,24
DA:32,24
DA:39,24
DA:45,24
DA:52,22
DA:53,22
DA:55,22
DA:56,22
DA:57,21
DA:58,7
DA:60,14
DA:63,21
DA:71,22
DA:72,0
DA:76,22
DA:78,2
DA:79,2
DA:81,1
DA:82,1
DA:83,1
DA:86,1
DA:87,1
DA:93,21
DA:94,21
DA:95,20
DA:98,1
DA:102,20
DA:103,1
DA:107,19
DA:108,19
DA:109,1
DA:115,18
DA:116,18
DA:117,17
DA:120,1
DA:124,17
DA:125,17
DA:128,17
DA:129,3
DA:133,14
DA:136,14
DA:138,14
DA:140,14
DA:150,153
DA:157,8
DA:169,8
DA:170,1
DA:176,8
DA:177,1
LF:57
LH:56
BRDA:57,0,0,7
BRDA:57,0,1,14
BRDA:71,1,0,0
BRDA:71,1,1,22
BRDA:76,2,0,2
BRDA:76,2,1,20
BRDA:79,3,0,1
BRDA:79,3,1,1
BRDA:95,4,0,20
BRDA:95,4,1,0
BRDA:102,5,0,1
BRDA:102,5,1,19
BRDA:108,6,0,1
BRDA:108,6,1,18
BRDA:117,7,0,17
BRDA:117,7,1,0
BRDA:128,8,0,3
BRDA:128,8,1,14
BRF:18
BRH:15
end_of_record
